08-26 13:32 root         INFO     the model flight_rf.pkl is being loaded
08-26 13:32 root         INFO     hit the /prediction url to know your ticket price
08-26 13:32 werkzeug     WARNING   * Debugger is active!
08-26 13:32 werkzeug     INFO      * Debugger PIN: 571-678-562
08-26 13:32 werkzeug     INFO      * Running on http://127.0.0.1:5000/ (Press CTRL+C to quit)
08-26 13:33 app          INFO     rendering the template to the html page
08-26 13:33 werkzeug     INFO     127.0.0.1 - - [26/Aug/2021 13:33:18] "[37mGET /prediction HTTP/1.1[0m" 200 -
08-26 13:33 werkzeug     INFO     127.0.0.1 - - [26/Aug/2021 13:33:19] "[33mGET /favicon.ico HTTP/1.1[0m" 404 -
08-26 13:33 app          INFO     ready to take input form the user
08-26 13:33 app          INFO     the user gave the input for data departure as 2021-08-26T13:33
08-26 13:33 app          INFO     the day is being extracted from the input 2021-08-26T13:33 the extracted value is 26
08-26 13:33 app          INFO     the month is being extracted from the input 2021-08-26T13:33 the extracted value is 8
08-26 13:33 app          INFO     the hour is being extracted from the input 2021-08-26T13:33 the extracted value is 13
08-26 13:33 app          INFO     the minutes is being extracted from the input 2021-08-26T13:33 the extracted value is 33
08-26 13:33 app          INFO     the user gave the input for date arrival as 2021-08-31T13:33
08-26 13:33 app          INFO     the hours is being extracted from the input 2021-08-31T13:33 the extracted value is 13
08-26 13:33 app          INFO     the minutes is being extracted from the input 2021-08-31T13:33 the extracted value is 33
08-26 13:33 app          INFO     retrieving the absolute value of 0 from 13 and 13
08-26 13:33 app          INFO     retrieving the absolute value of 0 from 33 and 33
08-26 13:33 app          INFO     the user gave the input for total stops as 0
08-26 13:33 app          INFO     the user gave the input for airlines as Jet Airways
08-26 13:33 app          INFO     the input given by the users are 1 0 0 0 0 0 0 0 0 0 0
08-26 13:33 app          INFO     the user gave the input for source as Delhi
08-26 13:33 app          INFO     the input given by the users are 1 0 0 0
08-26 13:33 app          INFO     the user gave the input for source as Cochin
08-26 13:33 app          INFO     the input given by the users are 1 0 0 0 0
08-26 13:33 app          INFO     displaying the predicted price to the user as: 6693.74
08-26 13:33 app          WARNING  rendering the results to the user on the interface: 6693.74
08-26 13:33 werkzeug     INFO     127.0.0.1 - - [26/Aug/2021 13:33:30] "[37mPOST /prediction HTTP/1.1[0m" 200 -
